<?xml version="1.0" encoding="UTF-8"?>
<!-- Generated by org.testng.reporters.JUnitReportReporter -->
<testsuite skipped="0" hostname="EBHVR04-08" name="test.TestRunner" tests="1" failures="0" timestamp="18 Aug 2017 04:10:46 GMT" time="2.045" errors="0">
  <testcase name="test1" time="2.045" classname="test.TestRunner"/>
</testsuite> <!-- test.TestRunner -->
