<?xml version="1.0" encoding="UTF-8"?>
<!-- Generated by org.testng.reporters.JUnitReportReporter -->
<testsuite skipped="0" hostname="EBHVR04-08" name="unitTestCase.UnitTest1" tests="2" failures="0" timestamp="18 Aug 2017 06:33:00 GMT" time="9.045" errors="0">
  <testcase name="testUname" time="4.357" classname="unitTestCase.UnitTest1"/>
  <testcase name="testpwd" time="4.688" classname="unitTestCase.UnitTest1"/>
</testsuite> <!-- unitTestCase.UnitTest1 -->
