<?xml version="1.0" encoding="UTF-8"?>
<!-- Generated by org.testng.reporters.JUnitReportReporter -->
<testsuite skipped="0" hostname="EBHVR04-08" name="testCase.loginTest1" tests="3" failures="0" timestamp="18 Aug 2017 07:38:56 GMT" time="8.177" errors="0">
  <testcase name="test1" time="0.260" classname="testCase.loginTest1"/>
  <testcase name="test2" time="5.166" classname="testCase.loginTest1"/>
  <testcase name="test3" time="2.751" classname="testCase.loginTest1"/>
</testsuite> <!-- testCase.loginTest1 -->
